<?xml version="1.0" encoding="UTF-8"?>
<testsuite xmlns:xsi="http://www.w3.org/2001/XMLSchema-instance" xsi:noNamespaceSchemaLocation="https://maven.apache.org/surefire/maven-surefire-plugin/xsd/surefire-test-report.xsd" name="com.example.TesiIntegrazioneProgettoEsterno.Test_Hooks" time="13.627" tests="1" errors="0" skipped="0" failures="0">
  <properties>
    <property name="awt.toolkit" value="sun.awt.X11.XToolkit"/>
    <property name="file.encoding.pkg" value="sun.io"/>
    <property name="java.specification.version" value="1.8"/>
    <property name="sun.cpu.isalist" value=""/>
    <property name="sun.jnu.encoding" value="UTF-8"/>
    <property name="java.class.path" value="/home/runner/work/HookTestRepo/HookTestRepo/project-test-headless/target/test-classes:/home/runner/work/HookTestRepo/HookTestRepo/project-test-headless/target/classes:/home/runner/.m2/repository/junit/junit/4.12/junit-4.12.jar:/home/runner/.m2/repository/org/hamcrest/hamcrest-core/1.3/hamcrest-core-1.3.jar:/home/runner/.m2/repository/org/seleniumhq/selenium/selenium-java/4.0.0-alpha-3/selenium-java-4.0.0-alpha-3.jar:/home/runner/.m2/repository/org/seleniumhq/selenium/selenium-api/4.0.0-alpha-3/selenium-api-4.0.0-alpha-3.jar:/home/runner/.m2/repository/org/seleniumhq/selenium/selenium-chrome-driver/4.0.0-alpha-3/selenium-chrome-driver-4.0.0-alpha-3.jar:/home/runner/.m2/repository/com/google/guava/guava/27.1-jre/guava-27.1-jre.jar:/home/runner/.m2/repository/com/google/guava/failureaccess/1.0.1/failureaccess-1.0.1.jar:/home/runner/.m2/repository/com/google/guava/listenablefuture/9999.0-empty-to-avoid-conflict-with-guava/listenablefuture-9999.0-empty-to-avoid-conflict-with-guava.jar:/home/runner/.m2/repository/com/google/code/findbugs/jsr305/3.0.2/jsr305-3.0.2.jar:/home/runner/.m2/repository/org/checkerframework/checker-qual/2.5.2/checker-qual-2.5.2.jar:/home/runner/.m2/repository/com/google/errorprone/error_prone_annotations/2.2.0/error_prone_annotations-2.2.0.jar:/home/runner/.m2/repository/com/google/j2objc/j2objc-annotations/1.1/j2objc-annotations-1.1.jar:/home/runner/.m2/repository/org/codehaus/mojo/animal-sniffer-annotations/1.17/animal-sniffer-annotations-1.17.jar:/home/runner/.m2/repository/org/seleniumhq/selenium/selenium-chromium-driver/4.0.0-alpha-3/selenium-chromium-driver-4.0.0-alpha-3.jar:/home/runner/.m2/repository/org/seleniumhq/selenium/selenium-devtools/4.0.0-alpha-3/selenium-devtools-4.0.0-alpha-3.jar:/home/runner/.m2/repository/org/seleniumhq/selenium/selenium-http/4.0.0-alpha-3/selenium-http-4.0.0-alpha-3.jar:/home/runner/.m2/repository/org/seleniumhq/selenium/selenium-json/4.0.0-alpha-3/selenium-json-4.0.0-alpha-3.jar:/home/runner/.m2/repository/org/seleniumhq/selenium/selenium-edge-driver/4.0.0-alpha-3/selenium-edge-driver-4.0.0-alpha-3.jar:/home/runner/.m2/repository/org/seleniumhq/selenium/selenium-edgehtml-driver/4.0.0-alpha-3/selenium-edgehtml-driver-4.0.0-alpha-3.jar:/home/runner/.m2/repository/org/seleniumhq/selenium/selenium-firefox-driver/4.0.0-alpha-3/selenium-firefox-driver-4.0.0-alpha-3.jar:/home/runner/.m2/repository/org/seleniumhq/selenium/selenium-firefox-xpi-driver/4.0.0-alpha-3/selenium-firefox-xpi-driver-4.0.0-alpha-3.jar:/home/runner/.m2/repository/org/seleniumhq/selenium/selenium-ie-driver/4.0.0-alpha-3/selenium-ie-driver-4.0.0-alpha-3.jar:/home/runner/.m2/repository/org/seleniumhq/selenium/selenium-opera-driver/4.0.0-alpha-3/selenium-opera-driver-4.0.0-alpha-3.jar:/home/runner/.m2/repository/org/seleniumhq/selenium/selenium-remote-driver/4.0.0-alpha-3/selenium-remote-driver-4.0.0-alpha-3.jar:/home/runner/.m2/repository/com/squareup/okhttp3/okhttp/4.0.1/okhttp-4.0.1.jar:/home/runner/.m2/repository/com/squareup/okio/okio/2.2.2/okio-2.2.2.jar:/home/runner/.m2/repository/org/jetbrains/kotlin/kotlin-stdlib/1.3.40/kotlin-stdlib-1.3.40.jar:/home/runner/.m2/repository/org/jetbrains/kotlin/kotlin-stdlib-common/1.3.40/kotlin-stdlib-common-1.3.40.jar:/home/runner/.m2/repository/org/jetbrains/annotations/13.0/annotations-13.0.jar:/home/runner/.m2/repository/io/opentracing/opentracing-api/0.33.0/opentracing-api-0.33.0.jar:/home/runner/.m2/repository/net/bytebuddy/byte-buddy/1.9.12/byte-buddy-1.9.12.jar:/home/runner/.m2/repository/org/apache/commons/commons-exec/1.3/commons-exec-1.3.jar:/home/runner/.m2/repository/org/seleniumhq/selenium/selenium-safari-driver/4.0.0-alpha-3/selenium-safari-driver-4.0.0-alpha-3.jar:/home/runner/.m2/repository/org/seleniumhq/selenium/selenium-support/4.0.0-alpha-3/selenium-support-4.0.0-alpha-3.jar:/home/runner/.m2/repository/commons-io/commons-io/2.4/commons-io-2.4.jar:/home/runner/.m2/repository/io/github/bonigarcia/webdrivermanager/4.0.0/webdrivermanager-4.0.0.jar:/home/runner/.m2/repository/com/google/code/gson/gson/2.8.6/gson-2.8.6.jar:/home/runner/.m2/repository/org/apache/commons/commons-lang3/3.10/commons-lang3-3.10.jar:/home/runner/.m2/repository/org/apache/httpcomponents/client5/httpclient5/5.0/httpclient5-5.0.jar:/home/runner/.m2/repository/org/apache/httpcomponents/core5/httpcore5/5.0/httpcore5-5.0.jar:/home/runner/.m2/repository/org/apache/httpcomponents/core5/httpcore5-h2/5.0/httpcore5-h2-5.0.jar:/home/runner/.m2/repository/commons-codec/commons-codec/1.13/commons-codec-1.13.jar:/home/runner/.m2/repository/org/rauschig/jarchivelib/1.0.0/jarchivelib-1.0.0.jar:/home/runner/.m2/repository/org/apache/commons/commons-compress/1.18/commons-compress-1.18.jar:/home/runner/.m2/repository/org/jsoup/jsoup/1.13.1/jsoup-1.13.1.jar:/home/runner/.m2/repository/org/slf4j/slf4j-api/2.0.3/slf4j-api-2.0.3.jar:/home/runner/.m2/repository/org/slf4j/slf4j-simple/2.0.3/slf4j-simple-2.0.3.jar:"/>
    <property name="java.vm.vendor" value="Azul Systems, Inc."/>
    <property name="sun.arch.data.model" value="64"/>
    <property name="java.vendor.url" value="http://www.azul.com/"/>
    <property name="user.timezone" value=""/>
    <property name="java.vm.specification.version" value="1.8"/>
    <property name="os.name" value="Linux"/>
    <property name="sun.java.launcher" value="SUN_STANDARD"/>
    <property name="sun.boot.library.path" value="/opt/hostedtoolcache/jdk/8.0.372/x64/jre/lib/amd64"/>
    <property name="sun.java.command" value="/home/runner/work/HookTestRepo/HookTestRepo/project-test-headless/target/surefire/surefirebooter8708733471563241532.jar /home/runner/work/HookTestRepo/HookTestRepo/project-test-headless/target/surefire 2023-06-21T09-13-42_649-jvmRun1 surefire5725399168654143029tmp surefire_05582386497367865830tmp"/>
    <property name="test" value="Test_Hooks.java"/>
    <property name="surefire.test.class.path" value="/home/runner/work/HookTestRepo/HookTestRepo/project-test-headless/target/test-classes:/home/runner/work/HookTestRepo/HookTestRepo/project-test-headless/target/classes:/home/runner/.m2/repository/junit/junit/4.12/junit-4.12.jar:/home/runner/.m2/repository/org/hamcrest/hamcrest-core/1.3/hamcrest-core-1.3.jar:/home/runner/.m2/repository/org/seleniumhq/selenium/selenium-java/4.0.0-alpha-3/selenium-java-4.0.0-alpha-3.jar:/home/runner/.m2/repository/org/seleniumhq/selenium/selenium-api/4.0.0-alpha-3/selenium-api-4.0.0-alpha-3.jar:/home/runner/.m2/repository/org/seleniumhq/selenium/selenium-chrome-driver/4.0.0-alpha-3/selenium-chrome-driver-4.0.0-alpha-3.jar:/home/runner/.m2/repository/com/google/guava/guava/27.1-jre/guava-27.1-jre.jar:/home/runner/.m2/repository/com/google/guava/failureaccess/1.0.1/failureaccess-1.0.1.jar:/home/runner/.m2/repository/com/google/guava/listenablefuture/9999.0-empty-to-avoid-conflict-with-guava/listenablefuture-9999.0-empty-to-avoid-conflict-with-guava.jar:/home/runner/.m2/repository/com/google/code/findbugs/jsr305/3.0.2/jsr305-3.0.2.jar:/home/runner/.m2/repository/org/checkerframework/checker-qual/2.5.2/checker-qual-2.5.2.jar:/home/runner/.m2/repository/com/google/errorprone/error_prone_annotations/2.2.0/error_prone_annotations-2.2.0.jar:/home/runner/.m2/repository/com/google/j2objc/j2objc-annotations/1.1/j2objc-annotations-1.1.jar:/home/runner/.m2/repository/org/codehaus/mojo/animal-sniffer-annotations/1.17/animal-sniffer-annotations-1.17.jar:/home/runner/.m2/repository/org/seleniumhq/selenium/selenium-chromium-driver/4.0.0-alpha-3/selenium-chromium-driver-4.0.0-alpha-3.jar:/home/runner/.m2/repository/org/seleniumhq/selenium/selenium-devtools/4.0.0-alpha-3/selenium-devtools-4.0.0-alpha-3.jar:/home/runner/.m2/repository/org/seleniumhq/selenium/selenium-http/4.0.0-alpha-3/selenium-http-4.0.0-alpha-3.jar:/home/runner/.m2/repository/org/seleniumhq/selenium/selenium-json/4.0.0-alpha-3/selenium-json-4.0.0-alpha-3.jar:/home/runner/.m2/repository/org/seleniumhq/selenium/selenium-edge-driver/4.0.0-alpha-3/selenium-edge-driver-4.0.0-alpha-3.jar:/home/runner/.m2/repository/org/seleniumhq/selenium/selenium-edgehtml-driver/4.0.0-alpha-3/selenium-edgehtml-driver-4.0.0-alpha-3.jar:/home/runner/.m2/repository/org/seleniumhq/selenium/selenium-firefox-driver/4.0.0-alpha-3/selenium-firefox-driver-4.0.0-alpha-3.jar:/home/runner/.m2/repository/org/seleniumhq/selenium/selenium-firefox-xpi-driver/4.0.0-alpha-3/selenium-firefox-xpi-driver-4.0.0-alpha-3.jar:/home/runner/.m2/repository/org/seleniumhq/selenium/selenium-ie-driver/4.0.0-alpha-3/selenium-ie-driver-4.0.0-alpha-3.jar:/home/runner/.m2/repository/org/seleniumhq/selenium/selenium-opera-driver/4.0.0-alpha-3/selenium-opera-driver-4.0.0-alpha-3.jar:/home/runner/.m2/repository/org/seleniumhq/selenium/selenium-remote-driver/4.0.0-alpha-3/selenium-remote-driver-4.0.0-alpha-3.jar:/home/runner/.m2/repository/com/squareup/okhttp3/okhttp/4.0.1/okhttp-4.0.1.jar:/home/runner/.m2/repository/com/squareup/okio/okio/2.2.2/okio-2.2.2.jar:/home/runner/.m2/repository/org/jetbrains/kotlin/kotlin-stdlib/1.3.40/kotlin-stdlib-1.3.40.jar:/home/runner/.m2/repository/org/jetbrains/kotlin/kotlin-stdlib-common/1.3.40/kotlin-stdlib-common-1.3.40.jar:/home/runner/.m2/repository/org/jetbrains/annotations/13.0/annotations-13.0.jar:/home/runner/.m2/repository/io/opentracing/opentracing-api/0.33.0/opentracing-api-0.33.0.jar:/home/runner/.m2/repository/net/bytebuddy/byte-buddy/1.9.12/byte-buddy-1.9.12.jar:/home/runner/.m2/repository/org/apache/commons/commons-exec/1.3/commons-exec-1.3.jar:/home/runner/.m2/repository/org/seleniumhq/selenium/selenium-safari-driver/4.0.0-alpha-3/selenium-safari-driver-4.0.0-alpha-3.jar:/home/runner/.m2/repository/org/seleniumhq/selenium/selenium-support/4.0.0-alpha-3/selenium-support-4.0.0-alpha-3.jar:/home/runner/.m2/repository/commons-io/commons-io/2.4/commons-io-2.4.jar:/home/runner/.m2/repository/io/github/bonigarcia/webdrivermanager/4.0.0/webdrivermanager-4.0.0.jar:/home/runner/.m2/repository/com/google/code/gson/gson/2.8.6/gson-2.8.6.jar:/home/runner/.m2/repository/org/apache/commons/commons-lang3/3.10/commons-lang3-3.10.jar:/home/runner/.m2/repository/org/apache/httpcomponents/client5/httpclient5/5.0/httpclient5-5.0.jar:/home/runner/.m2/repository/org/apache/httpcomponents/core5/httpcore5/5.0/httpcore5-5.0.jar:/home/runner/.m2/repository/org/apache/httpcomponents/core5/httpcore5-h2/5.0/httpcore5-h2-5.0.jar:/home/runner/.m2/repository/commons-codec/commons-codec/1.13/commons-codec-1.13.jar:/home/runner/.m2/repository/org/rauschig/jarchivelib/1.0.0/jarchivelib-1.0.0.jar:/home/runner/.m2/repository/org/apache/commons/commons-compress/1.18/commons-compress-1.18.jar:/home/runner/.m2/repository/org/jsoup/jsoup/1.13.1/jsoup-1.13.1.jar:/home/runner/.m2/repository/org/slf4j/slf4j-api/2.0.3/slf4j-api-2.0.3.jar:/home/runner/.m2/repository/org/slf4j/slf4j-simple/2.0.3/slf4j-simple-2.0.3.jar:"/>
    <property name="sun.cpu.endian" value="little"/>
    <property name="user.home" value="/home/runner"/>
    <property name="user.language" value="en"/>
    <property name="java.specification.vendor" value="Oracle Corporation"/>
    <property name="java.home" value="/opt/hostedtoolcache/jdk/8.0.372/x64/jre"/>
    <property name="basedir" value="/home/runner/work/HookTestRepo/HookTestRepo/project-test-headless"/>
    <property name="file.separator" value="/"/>
    <property name="line.separator" value="&#10;"/>
    <property name="jdk.vendor.version" value="Zulu 8.70.0.23-CA-linux64"/>
    <property name="java.vm.specification.vendor" value="Oracle Corporation"/>
    <property name="java.specification.name" value="Java Platform API Specification"/>
    <property name="java.awt.graphicsenv" value="sun.awt.X11GraphicsEnvironment"/>
    <property name="surefire.real.class.path" value="/home/runner/work/HookTestRepo/HookTestRepo/project-test-headless/target/surefire/surefirebooter8708733471563241532.jar"/>
    <property name="sun.boot.class.path" value="/opt/hostedtoolcache/jdk/8.0.372/x64/jre/lib/resources.jar:/opt/hostedtoolcache/jdk/8.0.372/x64/jre/lib/rt.jar:/opt/hostedtoolcache/jdk/8.0.372/x64/jre/lib/sunrsasign.jar:/opt/hostedtoolcache/jdk/8.0.372/x64/jre/lib/jsse.jar:/opt/hostedtoolcache/jdk/8.0.372/x64/jre/lib/jce.jar:/opt/hostedtoolcache/jdk/8.0.372/x64/jre/lib/charsets.jar:/opt/hostedtoolcache/jdk/8.0.372/x64/jre/lib/jfr.jar:/opt/hostedtoolcache/jdk/8.0.372/x64/jre/lib/cat.jar:/opt/hostedtoolcache/jdk/8.0.372/x64/jre/classes"/>
    <property name="sun.management.compiler" value="HotSpot 64-Bit Tiered Compilers"/>
    <property name="java.runtime.version" value="1.8.0_372-b07"/>
    <property name="user.name" value="runner"/>
    <property name="path.separator" value=":"/>
    <property name="os.version" value="5.15.0-1039-azure"/>
    <property name="java.endorsed.dirs" value="/opt/hostedtoolcache/jdk/8.0.372/x64/jre/lib/endorsed"/>
    <property name="java.runtime.name" value="OpenJDK Runtime Environment"/>
    <property name="file.encoding" value="UTF-8"/>
    <property name="java.vm.name" value="OpenJDK 64-Bit Server VM"/>
    <property name="localRepository" value="/home/runner/.m2/repository"/>
    <property name="java.vendor.url.bug" value="http://www.azul.com/support/"/>
    <property name="java.io.tmpdir" value="/tmp"/>
    <property name="java.version" value="1.8.0_372"/>
    <property name="user.dir" value="/home/runner/work/HookTestRepo/HookTestRepo/project-test-headless"/>
    <property name="os.arch" value="amd64"/>
    <property name="java.vm.specification.name" value="Java Virtual Machine Specification"/>
    <property name="java.awt.printerjob" value="sun.print.PSPrinterJob"/>
    <property name="sun.os.patch.level" value="unknown"/>
    <property name="java.library.path" value="/usr/java/packages/lib/amd64:/usr/lib64:/lib64:/lib:/usr/lib"/>
    <property name="java.vm.info" value="mixed mode"/>
    <property name="java.vendor" value="Azul Systems, Inc."/>
    <property name="java.vm.version" value="25.372-b07"/>
    <property name="java.specification.maintenance.version" value="4"/>
    <property name="java.ext.dirs" value="/opt/hostedtoolcache/jdk/8.0.372/x64/jre/lib/ext:/usr/java/packages/lib/ext"/>
    <property name="sun.io.unicode.encoding" value="UnicodeLittle"/>
    <property name="java.class.version" value="52.0"/>
  </properties>
  <testcase name="test_loc_Hooks_release_1_1" classname="com.example.TesiIntegrazioneProgettoEsterno.Test_Hooks" time="13.542"/>
</testsuite>